CRITICAL - 2022-02-13 10:52:15 --> Undefined variable $db
#0 C:\xampp\htdocs\toursinu\app\Views\registro\hotel\verHotel.php(4): CodeIgniter\Debug\Exceptions->errorHandler(2, 'Undefined varia...', 'C:\\xampp\\htdocs...', 4)
#1 C:\xampp\htdocs\toursinu\system\View\View.php(210): include('C:\\xampp\\htdocs...')
#2 C:\xampp\htdocs\toursinu\system\View\View.php(213): CodeIgniter\View\View->CodeIgniter\View\{closure}()
#3 C:\xampp\htdocs\toursinu\system\Common.php(1089): CodeIgniter\View\View->render('registro/hotel/...', Array, true)
#4 C:\xampp\htdocs\toursinu\app\Controllers\Hoteles.php(102): view('registro/hotel/...', Array)
#5 C:\xampp\htdocs\toursinu\system\CodeIgniter.php(825): App\Controllers\Hoteles->verHotel('3')
#6 C:\xampp\htdocs\toursinu\system\CodeIgniter.php(412): CodeIgniter\CodeIgniter->runController(Object(App\Controllers\Hoteles))
#7 C:\xampp\htdocs\toursinu\system\CodeIgniter.php(320): CodeIgniter\CodeIgniter->handleRequest(NULL, Object(Config\Cache), false)
#8 C:\xampp\htdocs\toursinu\public\index.php(37): CodeIgniter\CodeIgniter->run()
#9 {main}
CRITICAL - 2022-02-13 13:07:09 --> ini_set(): Session ini settings cannot be changed when a session is active
#0 [internal function]: CodeIgniter\Debug\Exceptions->errorHandler(2, 'ini_set(): Sess...', 'C:\\xampp\\htdocs...', 71)
#1 C:\xampp\htdocs\toursinu\system\Session\Handlers\FileHandler.php(71): ini_set('session.save_pa...', 'C:\\xampp\\htdocs...')
#2 C:\xampp\htdocs\toursinu\system\Config\Services.php(570): CodeIgniter\Session\Handlers\FileHandler->__construct(Object(Config\App), '127.0.0.1')
#3 C:\xampp\htdocs\toursinu\system\Config\BaseService.php(248): CodeIgniter\Config\Services::session(Object(Config\App), false)
#4 C:\xampp\htdocs\toursinu\system\Config\BaseService.php(189): CodeIgniter\Config\BaseService::__callStatic('session', Array)
#5 C:\xampp\htdocs\toursinu\system\Config\Services.php(563): CodeIgniter\Config\BaseService::getSharedInstance('session', NULL)
#6 C:\xampp\htdocs\toursinu\system\Config\BaseService.php(248): CodeIgniter\Config\Services::session()
#7 C:\xampp\htdocs\toursinu\system\Common.php(901): CodeIgniter\Config\BaseService::__callStatic('session', Array)
#8 C:\xampp\htdocs\toursinu\app\Controllers\Lugares.php(168): session()
#9 C:\xampp\htdocs\toursinu\system\CodeIgniter.php(825): App\Controllers\Lugares->validar_User()
#10 C:\xampp\htdocs\toursinu\system\CodeIgniter.php(412): CodeIgniter\CodeIgniter->runController(Object(App\Controllers\Lugares))
#11 C:\xampp\htdocs\toursinu\system\CodeIgniter.php(320): CodeIgniter\CodeIgniter->handleRequest(NULL, Object(Config\Cache), false)
#12 C:\xampp\htdocs\toursinu\public\index.php(37): CodeIgniter\CodeIgniter->run()
#13 {main}
CRITICAL - 2022-02-13 13:13:37 --> ini_set(): Session ini settings cannot be changed when a session is active
#0 [internal function]: CodeIgniter\Debug\Exceptions->errorHandler(2, 'ini_set(): Sess...', 'C:\\xampp\\htdocs...', 71)
#1 C:\xampp\htdocs\toursinu\system\Session\Handlers\FileHandler.php(71): ini_set('session.save_pa...', 'C:\\xampp\\htdocs...')
#2 C:\xampp\htdocs\toursinu\system\Config\Services.php(570): CodeIgniter\Session\Handlers\FileHandler->__construct(Object(Config\App), '127.0.0.1')
#3 C:\xampp\htdocs\toursinu\system\Config\BaseService.php(248): CodeIgniter\Config\Services::session(Object(Config\App), false)
#4 C:\xampp\htdocs\toursinu\system\Config\BaseService.php(189): CodeIgniter\Config\BaseService::__callStatic('session', Array)
#5 C:\xampp\htdocs\toursinu\system\Config\Services.php(563): CodeIgniter\Config\BaseService::getSharedInstance('session', NULL)
#6 C:\xampp\htdocs\toursinu\system\Config\BaseService.php(248): CodeIgniter\Config\Services::session()
#7 C:\xampp\htdocs\toursinu\system\Common.php(901): CodeIgniter\Config\BaseService::__callStatic('session', Array)
#8 C:\xampp\htdocs\toursinu\app\Controllers\Lugares.php(168): session()
#9 C:\xampp\htdocs\toursinu\system\CodeIgniter.php(825): App\Controllers\Lugares->validar_User()
#10 C:\xampp\htdocs\toursinu\system\CodeIgniter.php(412): CodeIgniter\CodeIgniter->runController(Object(App\Controllers\Lugares))
#11 C:\xampp\htdocs\toursinu\system\CodeIgniter.php(320): CodeIgniter\CodeIgniter->handleRequest(NULL, Object(Config\Cache), false)
#12 C:\xampp\htdocs\toursinu\public\index.php(37): CodeIgniter\CodeIgniter->run()
#13 {main}
CRITICAL - 2022-02-13 13:14:32 --> ini_set(): Session ini settings cannot be changed when a session is active
#0 [internal function]: CodeIgniter\Debug\Exceptions->errorHandler(2, 'ini_set(): Sess...', 'C:\\xampp\\htdocs...', 71)
#1 C:\xampp\htdocs\toursinu\system\Session\Handlers\FileHandler.php(71): ini_set('session.save_pa...', 'C:\\xampp\\htdocs...')
#2 C:\xampp\htdocs\toursinu\system\Config\Services.php(570): CodeIgniter\Session\Handlers\FileHandler->__construct(Object(Config\App), '127.0.0.1')
#3 C:\xampp\htdocs\toursinu\system\Config\BaseService.php(248): CodeIgniter\Config\Services::session(Object(Config\App), false)
#4 C:\xampp\htdocs\toursinu\system\Config\BaseService.php(189): CodeIgniter\Config\BaseService::__callStatic('session', Array)
#5 C:\xampp\htdocs\toursinu\system\Config\Services.php(563): CodeIgniter\Config\BaseService::getSharedInstance('session', NULL)
#6 C:\xampp\htdocs\toursinu\system\Config\BaseService.php(248): CodeIgniter\Config\Services::session()
#7 C:\xampp\htdocs\toursinu\system\Common.php(901): CodeIgniter\Config\BaseService::__callStatic('session', Array)
#8 C:\xampp\htdocs\toursinu\app\Controllers\Lugares.php(168): session()
#9 C:\xampp\htdocs\toursinu\system\CodeIgniter.php(825): App\Controllers\Lugares->validar_User()
#10 C:\xampp\htdocs\toursinu\system\CodeIgniter.php(412): CodeIgniter\CodeIgniter->runController(Object(App\Controllers\Lugares))
#11 C:\xampp\htdocs\toursinu\system\CodeIgniter.php(320): CodeIgniter\CodeIgniter->handleRequest(NULL, Object(Config\Cache), false)
#12 C:\xampp\htdocs\toursinu\public\index.php(37): CodeIgniter\CodeIgniter->run()
#13 {main}
CRITICAL - 2022-02-13 13:15:29 --> ini_set(): Session ini settings cannot be changed when a session is active
#0 [internal function]: CodeIgniter\Debug\Exceptions->errorHandler(2, 'ini_set(): Sess...', 'C:\\xampp\\htdocs...', 71)
#1 C:\xampp\htdocs\toursinu\system\Session\Handlers\FileHandler.php(71): ini_set('session.save_pa...', 'C:\\xampp\\htdocs...')
#2 C:\xampp\htdocs\toursinu\system\Config\Services.php(570): CodeIgniter\Session\Handlers\FileHandler->__construct(Object(Config\App), '127.0.0.1')
#3 C:\xampp\htdocs\toursinu\system\Config\BaseService.php(248): CodeIgniter\Config\Services::session(Object(Config\App), false)
#4 C:\xampp\htdocs\toursinu\system\Config\BaseService.php(189): CodeIgniter\Config\BaseService::__callStatic('session', Array)
#5 C:\xampp\htdocs\toursinu\system\Config\Services.php(563): CodeIgniter\Config\BaseService::getSharedInstance('session', NULL)
#6 C:\xampp\htdocs\toursinu\system\Config\BaseService.php(248): CodeIgniter\Config\Services::session()
#7 C:\xampp\htdocs\toursinu\system\Common.php(901): CodeIgniter\Config\BaseService::__callStatic('session', Array)
#8 C:\xampp\htdocs\toursinu\app\Controllers\Lugares.php(164): session()
#9 C:\xampp\htdocs\toursinu\system\CodeIgniter.php(825): App\Controllers\Lugares->validar_User()
#10 C:\xampp\htdocs\toursinu\system\CodeIgniter.php(412): CodeIgniter\CodeIgniter->runController(Object(App\Controllers\Lugares))
#11 C:\xampp\htdocs\toursinu\system\CodeIgniter.php(320): CodeIgniter\CodeIgniter->handleRequest(NULL, Object(Config\Cache), false)
#12 C:\xampp\htdocs\toursinu\public\index.php(37): CodeIgniter\CodeIgniter->run()
#13 {main}
CRITICAL - 2022-02-13 13:17:47 --> ini_set(): Session ini settings cannot be changed when a session is active
#0 [internal function]: CodeIgniter\Debug\Exceptions->errorHandler(2, 'ini_set(): Sess...', 'C:\\xampp\\htdocs...', 71)
#1 C:\xampp\htdocs\toursinu\system\Session\Handlers\FileHandler.php(71): ini_set('session.save_pa...', 'C:\\xampp\\htdocs...')
#2 C:\xampp\htdocs\toursinu\system\Config\Services.php(570): CodeIgniter\Session\Handlers\FileHandler->__construct(Object(Config\App), '127.0.0.1')
#3 C:\xampp\htdocs\toursinu\system\Config\BaseService.php(248): CodeIgniter\Config\Services::session(Object(Config\App), false)
#4 C:\xampp\htdocs\toursinu\system\Config\BaseService.php(189): CodeIgniter\Config\BaseService::__callStatic('session', Array)
#5 C:\xampp\htdocs\toursinu\system\Config\Services.php(563): CodeIgniter\Config\BaseService::getSharedInstance('session', NULL)
#6 C:\xampp\htdocs\toursinu\system\Config\BaseService.php(248): CodeIgniter\Config\Services::session()
#7 C:\xampp\htdocs\toursinu\system\Common.php(901): CodeIgniter\Config\BaseService::__callStatic('session', Array)
#8 C:\xampp\htdocs\toursinu\app\Controllers\Lugares.php(163): session()
#9 C:\xampp\htdocs\toursinu\system\CodeIgniter.php(825): App\Controllers\Lugares->validar_User()
#10 C:\xampp\htdocs\toursinu\system\CodeIgniter.php(412): CodeIgniter\CodeIgniter->runController(Object(App\Controllers\Lugares))
#11 C:\xampp\htdocs\toursinu\system\CodeIgniter.php(320): CodeIgniter\CodeIgniter->handleRequest(NULL, Object(Config\Cache), false)
#12 C:\xampp\htdocs\toursinu\public\index.php(37): CodeIgniter\CodeIgniter->run()
#13 {main}
CRITICAL - 2022-02-13 13:23:18 --> session_destroy(): Trying to destroy uninitialized session
#0 [internal function]: CodeIgniter\Debug\Exceptions->errorHandler(2, 'session_destroy...', 'C:\\xampp\\htdocs...', 30)
#1 C:\xampp\htdocs\toursinu\app\Controllers\Home.php(30): session_destroy()
#2 C:\xampp\htdocs\toursinu\system\CodeIgniter.php(825): App\Controllers\Home->cerrarSesion()
#3 C:\xampp\htdocs\toursinu\system\CodeIgniter.php(412): CodeIgniter\CodeIgniter->runController(Object(App\Controllers\Home))
#4 C:\xampp\htdocs\toursinu\system\CodeIgniter.php(320): CodeIgniter\CodeIgniter->handleRequest(NULL, Object(Config\Cache), false)
#5 C:\xampp\htdocs\toursinu\public\index.php(37): CodeIgniter\CodeIgniter->run()
#6 {main}
CRITICAL - 2022-02-13 13:24:03 --> ini_set(): Session ini settings cannot be changed when a session is active
#0 [internal function]: CodeIgniter\Debug\Exceptions->errorHandler(2, 'ini_set(): Sess...', 'C:\\xampp\\htdocs...', 71)
#1 C:\xampp\htdocs\toursinu\system\Session\Handlers\FileHandler.php(71): ini_set('session.save_pa...', 'C:\\xampp\\htdocs...')
#2 C:\xampp\htdocs\toursinu\system\Config\Services.php(570): CodeIgniter\Session\Handlers\FileHandler->__construct(Object(Config\App), '127.0.0.1')
#3 C:\xampp\htdocs\toursinu\system\Config\BaseService.php(248): CodeIgniter\Config\Services::session(Object(Config\App), false)
#4 C:\xampp\htdocs\toursinu\system\Config\BaseService.php(189): CodeIgniter\Config\BaseService::__callStatic('session', Array)
#5 C:\xampp\htdocs\toursinu\system\Config\Services.php(563): CodeIgniter\Config\BaseService::getSharedInstance('session', NULL)
#6 C:\xampp\htdocs\toursinu\system\Config\BaseService.php(248): CodeIgniter\Config\Services::session()
#7 C:\xampp\htdocs\toursinu\system\Common.php(901): CodeIgniter\Config\BaseService::__callStatic('session', Array)
#8 C:\xampp\htdocs\toursinu\app\Controllers\Lugares.php(163): session()
#9 C:\xampp\htdocs\toursinu\system\CodeIgniter.php(825): App\Controllers\Lugares->validar_User()
#10 C:\xampp\htdocs\toursinu\system\CodeIgniter.php(412): CodeIgniter\CodeIgniter->runController(Object(App\Controllers\Lugares))
#11 C:\xampp\htdocs\toursinu\system\CodeIgniter.php(320): CodeIgniter\CodeIgniter->handleRequest(NULL, Object(Config\Cache), false)
#12 C:\xampp\htdocs\toursinu\public\index.php(37): CodeIgniter\CodeIgniter->run()
#13 {main}
CRITICAL - 2022-02-13 13:29:02 --> ini_set(): Session ini settings cannot be changed when a session is active
#0 [internal function]: CodeIgniter\Debug\Exceptions->errorHandler(2, 'ini_set(): Sess...', 'C:\\xampp\\htdocs...', 71)
#1 C:\xampp\htdocs\toursinu\system\Session\Handlers\FileHandler.php(71): ini_set('session.save_pa...', 'C:\\xampp\\htdocs...')
#2 C:\xampp\htdocs\toursinu\system\Config\Services.php(570): CodeIgniter\Session\Handlers\FileHandler->__construct(Object(Config\App), '127.0.0.1')
#3 C:\xampp\htdocs\toursinu\system\Config\BaseService.php(248): CodeIgniter\Config\Services::session(Object(Config\App), false)
#4 C:\xampp\htdocs\toursinu\system\Config\BaseService.php(189): CodeIgniter\Config\BaseService::__callStatic('session', Array)
#5 C:\xampp\htdocs\toursinu\system\Config\Services.php(563): CodeIgniter\Config\BaseService::getSharedInstance('session', NULL)
#6 C:\xampp\htdocs\toursinu\system\Config\BaseService.php(248): CodeIgniter\Config\Services::session()
#7 C:\xampp\htdocs\toursinu\system\Common.php(901): CodeIgniter\Config\BaseService::__callStatic('session', Array)
#8 C:\xampp\htdocs\toursinu\app\Controllers\Lugares.php(168): session()
#9 C:\xampp\htdocs\toursinu\system\CodeIgniter.php(825): App\Controllers\Lugares->validar_User()
#10 C:\xampp\htdocs\toursinu\system\CodeIgniter.php(412): CodeIgniter\CodeIgniter->runController(Object(App\Controllers\Lugares))
#11 C:\xampp\htdocs\toursinu\system\CodeIgniter.php(320): CodeIgniter\CodeIgniter->handleRequest(NULL, Object(Config\Cache), false)
#12 C:\xampp\htdocs\toursinu\public\index.php(37): CodeIgniter\CodeIgniter->run()
#13 {main}
