CRITICAL - 2022-02-09 15:30:30 --> Undefined array key "usuario"
#0 C:\xampp\htdocs\toursinu\app\Controllers\Lugares.php(16): CodeIgniter\Debug\Exceptions->errorHandler(2, 'Undefined array...', 'C:\\xampp\\htdocs...', 16)
#1 C:\xampp\htdocs\toursinu\system\CodeIgniter.php(825): App\Controllers\Lugares->index()
#2 C:\xampp\htdocs\toursinu\system\CodeIgniter.php(412): CodeIgniter\CodeIgniter->runController(Object(App\Controllers\Lugares))
#3 C:\xampp\htdocs\toursinu\system\CodeIgniter.php(320): CodeIgniter\CodeIgniter->handleRequest(NULL, Object(Config\Cache), false)
#4 C:\xampp\htdocs\toursinu\public\index.php(37): CodeIgniter\CodeIgniter->run()
#5 {main}
CRITICAL - 2022-02-09 15:30:55 --> Undefined array key "usuario"
#0 C:\xampp\htdocs\toursinu\app\Controllers\Lugares.php(16): CodeIgniter\Debug\Exceptions->errorHandler(2, 'Undefined array...', 'C:\\xampp\\htdocs...', 16)
#1 C:\xampp\htdocs\toursinu\system\CodeIgniter.php(825): App\Controllers\Lugares->index()
#2 C:\xampp\htdocs\toursinu\system\CodeIgniter.php(412): CodeIgniter\CodeIgniter->runController(Object(App\Controllers\Lugares))
#3 C:\xampp\htdocs\toursinu\system\CodeIgniter.php(320): CodeIgniter\CodeIgniter->handleRequest(NULL, Object(Config\Cache), false)
#4 C:\xampp\htdocs\toursinu\public\index.php(37): CodeIgniter\CodeIgniter->run()
#5 {main}
CRITICAL - 2022-02-09 15:36:38 --> Too few arguments to function App\Controllers\Lugares::index(), 0 passed in C:\xampp\htdocs\toursinu\system\CodeIgniter.php on line 825 and exactly 1 expected
#0 C:\xampp\htdocs\toursinu\system\CodeIgniter.php(825): App\Controllers\Lugares->index()
#1 C:\xampp\htdocs\toursinu\system\CodeIgniter.php(412): CodeIgniter\CodeIgniter->runController(Object(App\Controllers\Lugares))
#2 C:\xampp\htdocs\toursinu\system\CodeIgniter.php(320): CodeIgniter\CodeIgniter->handleRequest(NULL, Object(Config\Cache), false)
#3 C:\xampp\htdocs\toursinu\public\index.php(37): CodeIgniter\CodeIgniter->run()
#4 {main}
