CRITICAL - 2022-02-24 09:16:09 --> Undefined variable $idEmpleado
#0 C:\xampp\htdocs\toursinu\app\Controllers\Trabajador.php(398): CodeIgniter\Debug\Exceptions->errorHandler(2, 'Undefined varia...', 'C:\\xampp\\htdocs...', 398)
#1 C:\xampp\htdocs\toursinu\system\CodeIgniter.php(825): App\Controllers\Trabajador->denegar()
#2 C:\xampp\htdocs\toursinu\system\CodeIgniter.php(412): CodeIgniter\CodeIgniter->runController(Object(App\Controllers\Trabajador))
#3 C:\xampp\htdocs\toursinu\system\CodeIgniter.php(320): CodeIgniter\CodeIgniter->handleRequest(NULL, Object(Config\Cache), false)
#4 C:\xampp\htdocs\toursinu\public\index.php(37): CodeIgniter\CodeIgniter->run()
#5 {main}
CRITICAL - 2022-02-24 09:57:16 --> Undefined variable $idHotel
#0 C:\xampp\htdocs\toursinu\app\Views\registro\turista\reservas.php(28): CodeIgniter\Debug\Exceptions->errorHandler(2, 'Undefined varia...', 'C:\\xampp\\htdocs...', 28)
#1 C:\xampp\htdocs\toursinu\system\View\View.php(210): include('C:\\xampp\\htdocs...')
#2 C:\xampp\htdocs\toursinu\system\View\View.php(213): CodeIgniter\View\View->CodeIgniter\View\{closure}()
#3 C:\xampp\htdocs\toursinu\system\Common.php(1089): CodeIgniter\View\View->render('registro/turist...', Array, true)
#4 C:\xampp\htdocs\toursinu\app\Controllers\Turistas.php(92): view('registro/turist...', Array)
#5 C:\xampp\htdocs\toursinu\system\CodeIgniter.php(825): App\Controllers\Turistas->Reservas()
#6 C:\xampp\htdocs\toursinu\system\CodeIgniter.php(412): CodeIgniter\CodeIgniter->runController(Object(App\Controllers\Turistas))
#7 C:\xampp\htdocs\toursinu\system\CodeIgniter.php(320): CodeIgniter\CodeIgniter->handleRequest(NULL, Object(Config\Cache), false)
#8 C:\xampp\htdocs\toursinu\public\index.php(37): CodeIgniter\CodeIgniter->run()
#9 {main}
ERROR - 2022-02-24 09:59:59 --> You have an error in your SQL syntax; check the manual that corresponds to your MariaDB server version for the right syntax to use near ')' at line 1
CRITICAL - 2022-02-24 09:59:59 --> Call to a member function getResultArray() on bool
#0 C:\xampp\htdocs\toursinu\system\View\View.php(210): include()
#1 C:\xampp\htdocs\toursinu\system\View\View.php(213): CodeIgniter\View\View->CodeIgniter\View\{closure}()
#2 C:\xampp\htdocs\toursinu\system\Common.php(1089): CodeIgniter\View\View->render('registro/turist...', Array, true)
#3 C:\xampp\htdocs\toursinu\app\Controllers\Turistas.php(75): view('registro/turist...', Array)
#4 C:\xampp\htdocs\toursinu\system\CodeIgniter.php(825): App\Controllers\Turistas->Reservas()
#5 C:\xampp\htdocs\toursinu\system\CodeIgniter.php(412): CodeIgniter\CodeIgniter->runController(Object(App\Controllers\Turistas))
#6 C:\xampp\htdocs\toursinu\system\CodeIgniter.php(320): CodeIgniter\CodeIgniter->handleRequest(NULL, Object(Config\Cache), false)
#7 C:\xampp\htdocs\toursinu\public\index.php(37): CodeIgniter\CodeIgniter->run()
#8 {main}
ERROR - 2022-02-24 10:00:44 --> You have an error in your SQL syntax; check the manual that corresponds to your MariaDB server version for the right syntax to use near ')' at line 1
CRITICAL - 2022-02-24 10:00:44 --> Call to a member function getResultArray() on bool
#0 C:\xampp\htdocs\toursinu\system\View\View.php(210): include()
#1 C:\xampp\htdocs\toursinu\system\View\View.php(213): CodeIgniter\View\View->CodeIgniter\View\{closure}()
#2 C:\xampp\htdocs\toursinu\system\Common.php(1089): CodeIgniter\View\View->render('registro/turist...', Array, true)
#3 C:\xampp\htdocs\toursinu\app\Controllers\Turistas.php(75): view('registro/turist...', Array)
#4 C:\xampp\htdocs\toursinu\system\CodeIgniter.php(825): App\Controllers\Turistas->Reservas()
#5 C:\xampp\htdocs\toursinu\system\CodeIgniter.php(412): CodeIgniter\CodeIgniter->runController(Object(App\Controllers\Turistas))
#6 C:\xampp\htdocs\toursinu\system\CodeIgniter.php(320): CodeIgniter\CodeIgniter->handleRequest(NULL, Object(Config\Cache), false)
#7 C:\xampp\htdocs\toursinu\public\index.php(37): CodeIgniter\CodeIgniter->run()
#8 {main}
ERROR - 2022-02-24 10:00:57 --> You have an error in your SQL syntax; check the manual that corresponds to your MariaDB server version for the right syntax to use near ')' at line 1
CRITICAL - 2022-02-24 10:00:57 --> Call to a member function getResultArray() on bool
#0 C:\xampp\htdocs\toursinu\system\View\View.php(210): include()
#1 C:\xampp\htdocs\toursinu\system\View\View.php(213): CodeIgniter\View\View->CodeIgniter\View\{closure}()
#2 C:\xampp\htdocs\toursinu\system\Common.php(1089): CodeIgniter\View\View->render('registro/turist...', Array, true)
#3 C:\xampp\htdocs\toursinu\app\Controllers\Turistas.php(75): view('registro/turist...', Array)
#4 C:\xampp\htdocs\toursinu\system\CodeIgniter.php(825): App\Controllers\Turistas->Reservas()
#5 C:\xampp\htdocs\toursinu\system\CodeIgniter.php(412): CodeIgniter\CodeIgniter->runController(Object(App\Controllers\Turistas))
#6 C:\xampp\htdocs\toursinu\system\CodeIgniter.php(320): CodeIgniter\CodeIgniter->handleRequest(NULL, Object(Config\Cache), false)
#7 C:\xampp\htdocs\toursinu\public\index.php(37): CodeIgniter\CodeIgniter->run()
#8 {main}
CRITICAL - 2022-02-24 10:03:52 --> Undefined array key "estado"
#0 C:\xampp\htdocs\toursinu\app\Views\registro\turista\reservas.php(39): CodeIgniter\Debug\Exceptions->errorHandler(2, 'Undefined array...', 'C:\\xampp\\htdocs...', 39)
#1 C:\xampp\htdocs\toursinu\system\View\View.php(210): include('C:\\xampp\\htdocs...')
#2 C:\xampp\htdocs\toursinu\system\View\View.php(213): CodeIgniter\View\View->CodeIgniter\View\{closure}()
#3 C:\xampp\htdocs\toursinu\system\Common.php(1089): CodeIgniter\View\View->render('registro/turist...', Array, true)
#4 C:\xampp\htdocs\toursinu\app\Controllers\Turistas.php(75): view('registro/turist...', Array)
#5 C:\xampp\htdocs\toursinu\system\CodeIgniter.php(825): App\Controllers\Turistas->Reservas()
#6 C:\xampp\htdocs\toursinu\system\CodeIgniter.php(412): CodeIgniter\CodeIgniter->runController(Object(App\Controllers\Turistas))
#7 C:\xampp\htdocs\toursinu\system\CodeIgniter.php(320): CodeIgniter\CodeIgniter->handleRequest(NULL, Object(Config\Cache), false)
#8 C:\xampp\htdocs\toursinu\public\index.php(37): CodeIgniter\CodeIgniter->run()
#9 {main}
CRITICAL - 2022-02-24 10:16:28 --> Undefined variable $idHotel
#0 C:\xampp\htdocs\toursinu\app\Views\registro\turista\inspeccionar.php(6): CodeIgniter\Debug\Exceptions->errorHandler(2, 'Undefined varia...', 'C:\\xampp\\htdocs...', 6)
#1 C:\xampp\htdocs\toursinu\system\View\View.php(210): include('C:\\xampp\\htdocs...')
#2 C:\xampp\htdocs\toursinu\system\View\View.php(213): CodeIgniter\View\View->CodeIgniter\View\{closure}()
#3 C:\xampp\htdocs\toursinu\system\Common.php(1089): CodeIgniter\View\View->render('registro/turist...', Array, true)
#4 C:\xampp\htdocs\toursinu\app\Controllers\Turistas.php(87): view('registro/turist...', Array)
#5 C:\xampp\htdocs\toursinu\system\CodeIgniter.php(825): App\Controllers\Turistas->inspeccionar('4')
#6 C:\xampp\htdocs\toursinu\system\CodeIgniter.php(412): CodeIgniter\CodeIgniter->runController(Object(App\Controllers\Turistas))
#7 C:\xampp\htdocs\toursinu\system\CodeIgniter.php(320): CodeIgniter\CodeIgniter->handleRequest(NULL, Object(Config\Cache), false)
#8 C:\xampp\htdocs\toursinu\public\index.php(37): CodeIgniter\CodeIgniter->run()
#9 {main}
CRITICAL - 2022-02-24 10:17:51 --> Undefined variable $idEmpleado
#0 C:\xampp\htdocs\toursinu\app\Views\registro\turista\inspeccionar.php(25): CodeIgniter\Debug\Exceptions->errorHandler(2, 'Undefined varia...', 'C:\\xampp\\htdocs...', 25)
#1 C:\xampp\htdocs\toursinu\system\View\View.php(210): include('C:\\xampp\\htdocs...')
#2 C:\xampp\htdocs\toursinu\system\View\View.php(213): CodeIgniter\View\View->CodeIgniter\View\{closure}()
#3 C:\xampp\htdocs\toursinu\system\Common.php(1089): CodeIgniter\View\View->render('registro/turist...', Array, true)
#4 C:\xampp\htdocs\toursinu\app\Controllers\Turistas.php(87): view('registro/turist...', Array)
#5 C:\xampp\htdocs\toursinu\system\CodeIgniter.php(825): App\Controllers\Turistas->inspeccionar('4')
#6 C:\xampp\htdocs\toursinu\system\CodeIgniter.php(412): CodeIgniter\CodeIgniter->runController(Object(App\Controllers\Turistas))
#7 C:\xampp\htdocs\toursinu\system\CodeIgniter.php(320): CodeIgniter\CodeIgniter->handleRequest(NULL, Object(Config\Cache), false)
#8 C:\xampp\htdocs\toursinu\public\index.php(37): CodeIgniter\CodeIgniter->run()
#9 {main}
CRITICAL - 2022-02-24 10:26:58 --> Undefined variable $idEmpleado
#0 C:\xampp\htdocs\toursinu\app\Views\registro\turista\inspeccionar.php(25): CodeIgniter\Debug\Exceptions->errorHandler(2, 'Undefined varia...', 'C:\\xampp\\htdocs...', 25)
#1 C:\xampp\htdocs\toursinu\system\View\View.php(210): include('C:\\xampp\\htdocs...')
#2 C:\xampp\htdocs\toursinu\system\View\View.php(213): CodeIgniter\View\View->CodeIgniter\View\{closure}()
#3 C:\xampp\htdocs\toursinu\system\Common.php(1089): CodeIgniter\View\View->render('registro/turist...', Array, true)
#4 C:\xampp\htdocs\toursinu\app\Controllers\Turistas.php(87): view('registro/turist...', Array)
#5 C:\xampp\htdocs\toursinu\system\CodeIgniter.php(825): App\Controllers\Turistas->inspeccionar('4')
#6 C:\xampp\htdocs\toursinu\system\CodeIgniter.php(412): CodeIgniter\CodeIgniter->runController(Object(App\Controllers\Turistas))
#7 C:\xampp\htdocs\toursinu\system\CodeIgniter.php(320): CodeIgniter\CodeIgniter->handleRequest(NULL, Object(Config\Cache), false)
#8 C:\xampp\htdocs\toursinu\public\index.php(37): CodeIgniter\CodeIgniter->run()
#9 {main}
CRITICAL - 2022-02-24 10:27:38 --> Undefined variable $idPersonaE
#0 C:\xampp\htdocs\toursinu\app\Views\registro\turista\inspeccionar.php(53): CodeIgniter\Debug\Exceptions->errorHandler(2, 'Undefined varia...', 'C:\\xampp\\htdocs...', 53)
#1 C:\xampp\htdocs\toursinu\system\View\View.php(210): include('C:\\xampp\\htdocs...')
#2 C:\xampp\htdocs\toursinu\system\View\View.php(213): CodeIgniter\View\View->CodeIgniter\View\{closure}()
#3 C:\xampp\htdocs\toursinu\system\Common.php(1089): CodeIgniter\View\View->render('registro/turist...', Array, true)
#4 C:\xampp\htdocs\toursinu\app\Controllers\Turistas.php(87): view('registro/turist...', Array)
#5 C:\xampp\htdocs\toursinu\system\CodeIgniter.php(825): App\Controllers\Turistas->inspeccionar('4')
#6 C:\xampp\htdocs\toursinu\system\CodeIgniter.php(412): CodeIgniter\CodeIgniter->runController(Object(App\Controllers\Turistas))
#7 C:\xampp\htdocs\toursinu\system\CodeIgniter.php(320): CodeIgniter\CodeIgniter->handleRequest(NULL, Object(Config\Cache), false)
#8 C:\xampp\htdocs\toursinu\public\index.php(37): CodeIgniter\CodeIgniter->run()
#9 {main}
CRITICAL - 2022-02-24 10:27:59 --> Undefined variable $nomEmpleado
#0 C:\xampp\htdocs\toursinu\app\Views\registro\turista\inspeccionar.php(109): CodeIgniter\Debug\Exceptions->errorHandler(2, 'Undefined varia...', 'C:\\xampp\\htdocs...', 109)
#1 C:\xampp\htdocs\toursinu\system\View\View.php(210): include('C:\\xampp\\htdocs...')
#2 C:\xampp\htdocs\toursinu\system\View\View.php(213): CodeIgniter\View\View->CodeIgniter\View\{closure}()
#3 C:\xampp\htdocs\toursinu\system\Common.php(1089): CodeIgniter\View\View->render('registro/turist...', Array, true)
#4 C:\xampp\htdocs\toursinu\app\Controllers\Turistas.php(87): view('registro/turist...', Array)
#5 C:\xampp\htdocs\toursinu\system\CodeIgniter.php(825): App\Controllers\Turistas->inspeccionar('4')
#6 C:\xampp\htdocs\toursinu\system\CodeIgniter.php(412): CodeIgniter\CodeIgniter->runController(Object(App\Controllers\Turistas))
#7 C:\xampp\htdocs\toursinu\system\CodeIgniter.php(320): CodeIgniter\CodeIgniter->handleRequest(NULL, Object(Config\Cache), false)
#8 C:\xampp\htdocs\toursinu\public\index.php(37): CodeIgniter\CodeIgniter->run()
#9 {main}
ERROR - 2022-02-24 10:39:19 --> Cannot add or update a child row: a foreign key constraint fails (`toursinu`.`reservas`, CONSTRAINT `reservas_ibfk_1` FOREIGN KEY (`idTurista`) REFERENCES `turista` (`idTurista`) ON UPDATE CASCADE)
ERROR - 2022-02-24 10:42:23 --> Cannot add or update a child row: a foreign key constraint fails (`toursinu`.`reservas`, CONSTRAINT `reservas_ibfk_1` FOREIGN KEY (`idTurista`) REFERENCES `turista` (`idTurista`) ON UPDATE CASCADE)
ERROR - 2022-02-24 10:45:03 --> Cannot add or update a child row: a foreign key constraint fails (`toursinu`.`reservas`, CONSTRAINT `reservas_ibfk_1` FOREIGN KEY (`idTurista`) REFERENCES `turista` (`idTurista`) ON UPDATE CASCADE)
ERROR - 2022-02-24 10:48:11 --> Cannot add or update a child row: a foreign key constraint fails (`toursinu`.`reservas`, CONSTRAINT `reservas_ibfk_1` FOREIGN KEY (`idTurista`) REFERENCES `turista` (`idTurista`) ON UPDATE CASCADE)
ERROR - 2022-02-24 10:48:40 --> Cannot add or update a child row: a foreign key constraint fails (`toursinu`.`reservas`, CONSTRAINT `reservas_ibfk_1` FOREIGN KEY (`idTurista`) REFERENCES `turista` (`idTurista`) ON UPDATE CASCADE)
ERROR - 2022-02-24 10:50:58 --> Cannot add or update a child row: a foreign key constraint fails (`toursinu`.`reservas`, CONSTRAINT `reservas_ibfk_1` FOREIGN KEY (`idTurista`) REFERENCES `turista` (`idTurista`) ON UPDATE CASCADE)
CRITICAL - 2022-02-24 10:52:25 --> Undefined variable $mensaje
#0 C:\xampp\htdocs\toursinu\app\Views\registro\turista\inspeccionar.php(110): CodeIgniter\Debug\Exceptions->errorHandler(2, 'Undefined varia...', 'C:\\xampp\\htdocs...', 110)
#1 C:\xampp\htdocs\toursinu\system\View\View.php(210): include('C:\\xampp\\htdocs...')
#2 C:\xampp\htdocs\toursinu\system\View\View.php(213): CodeIgniter\View\View->CodeIgniter\View\{closure}()
#3 C:\xampp\htdocs\toursinu\system\Common.php(1089): CodeIgniter\View\View->render('registro/turist...', Array, true)
#4 C:\xampp\htdocs\toursinu\app\Controllers\Turistas.php(87): view('registro/turist...', Array)
#5 C:\xampp\htdocs\toursinu\system\CodeIgniter.php(825): App\Controllers\Turistas->inspeccionar('3')
#6 C:\xampp\htdocs\toursinu\system\CodeIgniter.php(412): CodeIgniter\CodeIgniter->runController(Object(App\Controllers\Turistas))
#7 C:\xampp\htdocs\toursinu\system\CodeIgniter.php(320): CodeIgniter\CodeIgniter->handleRequest(NULL, Object(Config\Cache), false)
#8 C:\xampp\htdocs\toursinu\public\index.php(37): CodeIgniter\CodeIgniter->run()
#9 {main}
CRITICAL - 2022-02-24 10:52:54 --> Undefined variable $mensaje
#0 C:\xampp\htdocs\toursinu\app\Views\registro\turista\inspeccionar.php(110): CodeIgniter\Debug\Exceptions->errorHandler(2, 'Undefined varia...', 'C:\\xampp\\htdocs...', 110)
#1 C:\xampp\htdocs\toursinu\system\View\View.php(210): include('C:\\xampp\\htdocs...')
#2 C:\xampp\htdocs\toursinu\system\View\View.php(213): CodeIgniter\View\View->CodeIgniter\View\{closure}()
#3 C:\xampp\htdocs\toursinu\system\Common.php(1089): CodeIgniter\View\View->render('registro/turist...', Array, true)
#4 C:\xampp\htdocs\toursinu\app\Controllers\Turistas.php(87): view('registro/turist...', Array)
#5 C:\xampp\htdocs\toursinu\system\CodeIgniter.php(825): App\Controllers\Turistas->inspeccionar('3')
#6 C:\xampp\htdocs\toursinu\system\CodeIgniter.php(412): CodeIgniter\CodeIgniter->runController(Object(App\Controllers\Turistas))
#7 C:\xampp\htdocs\toursinu\system\CodeIgniter.php(320): CodeIgniter\CodeIgniter->handleRequest(NULL, Object(Config\Cache), false)
#8 C:\xampp\htdocs\toursinu\public\index.php(37): CodeIgniter\CodeIgniter->run()
#9 {main}
CRITICAL - 2022-02-24 10:55:12 --> Undefined variable $mensaje
#0 C:\xampp\htdocs\toursinu\app\Views\registro\turista\inspeccionar.php(110): CodeIgniter\Debug\Exceptions->errorHandler(2, 'Undefined varia...', 'C:\\xampp\\htdocs...', 110)
#1 C:\xampp\htdocs\toursinu\system\View\View.php(210): include('C:\\xampp\\htdocs...')
#2 C:\xampp\htdocs\toursinu\system\View\View.php(213): CodeIgniter\View\View->CodeIgniter\View\{closure}()
#3 C:\xampp\htdocs\toursinu\system\Common.php(1089): CodeIgniter\View\View->render('registro/turist...', Array, true)
#4 C:\xampp\htdocs\toursinu\app\Controllers\Turistas.php(87): view('registro/turist...', Array)
#5 C:\xampp\htdocs\toursinu\system\CodeIgniter.php(825): App\Controllers\Turistas->inspeccionar('3')
#6 C:\xampp\htdocs\toursinu\system\CodeIgniter.php(412): CodeIgniter\CodeIgniter->runController(Object(App\Controllers\Turistas))
#7 C:\xampp\htdocs\toursinu\system\CodeIgniter.php(320): CodeIgniter\CodeIgniter->handleRequest(NULL, Object(Config\Cache), false)
#8 C:\xampp\htdocs\toursinu\public\index.php(37): CodeIgniter\CodeIgniter->run()
#9 {main}
CRITICAL - 2022-02-24 10:55:25 --> Undefined variable $mensaje
#0 C:\xampp\htdocs\toursinu\app\Views\registro\turista\inspeccionar.php(110): CodeIgniter\Debug\Exceptions->errorHandler(2, 'Undefined varia...', 'C:\\xampp\\htdocs...', 110)
#1 C:\xampp\htdocs\toursinu\system\View\View.php(210): include('C:\\xampp\\htdocs...')
#2 C:\xampp\htdocs\toursinu\system\View\View.php(213): CodeIgniter\View\View->CodeIgniter\View\{closure}()
#3 C:\xampp\htdocs\toursinu\system\Common.php(1089): CodeIgniter\View\View->render('registro/turist...', Array, true)
#4 C:\xampp\htdocs\toursinu\app\Controllers\Turistas.php(87): view('registro/turist...', Array)
#5 C:\xampp\htdocs\toursinu\system\CodeIgniter.php(825): App\Controllers\Turistas->inspeccionar('4')
#6 C:\xampp\htdocs\toursinu\system\CodeIgniter.php(412): CodeIgniter\CodeIgniter->runController(Object(App\Controllers\Turistas))
#7 C:\xampp\htdocs\toursinu\system\CodeIgniter.php(320): CodeIgniter\CodeIgniter->handleRequest(NULL, Object(Config\Cache), false)
#8 C:\xampp\htdocs\toursinu\public\index.php(37): CodeIgniter\CodeIgniter->run()
#9 {main}
CRITICAL - 2022-02-24 10:55:40 --> Undefined variable $mensaje
#0 C:\xampp\htdocs\toursinu\app\Views\registro\turista\inspeccionar.php(110): CodeIgniter\Debug\Exceptions->errorHandler(2, 'Undefined varia...', 'C:\\xampp\\htdocs...', 110)
#1 C:\xampp\htdocs\toursinu\system\View\View.php(210): include('C:\\xampp\\htdocs...')
#2 C:\xampp\htdocs\toursinu\system\View\View.php(213): CodeIgniter\View\View->CodeIgniter\View\{closure}()
#3 C:\xampp\htdocs\toursinu\system\Common.php(1089): CodeIgniter\View\View->render('registro/turist...', Array, true)
#4 C:\xampp\htdocs\toursinu\app\Controllers\Turistas.php(87): view('registro/turist...', Array)
#5 C:\xampp\htdocs\toursinu\system\CodeIgniter.php(825): App\Controllers\Turistas->inspeccionar('4')
#6 C:\xampp\htdocs\toursinu\system\CodeIgniter.php(412): CodeIgniter\CodeIgniter->runController(Object(App\Controllers\Turistas))
#7 C:\xampp\htdocs\toursinu\system\CodeIgniter.php(320): CodeIgniter\CodeIgniter->handleRequest(NULL, Object(Config\Cache), false)
#8 C:\xampp\htdocs\toursinu\public\index.php(37): CodeIgniter\CodeIgniter->run()
#9 {main}
CRITICAL - 2022-02-24 11:09:46 --> Undefined variable $mensaje
#0 C:\xampp\htdocs\toursinu\app\Views\registro\empleado\inspeccionarA.php(125): CodeIgniter\Debug\Exceptions->errorHandler(2, 'Undefined varia...', 'C:\\xampp\\htdocs...', 125)
#1 C:\xampp\htdocs\toursinu\system\View\View.php(210): include('C:\\xampp\\htdocs...')
#2 C:\xampp\htdocs\toursinu\system\View\View.php(213): CodeIgniter\View\View->CodeIgniter\View\{closure}()
#3 C:\xampp\htdocs\toursinu\system\Common.php(1089): CodeIgniter\View\View->render('registro/emplea...', Array, true)
#4 C:\xampp\htdocs\toursinu\app\Controllers\Trabajador.php(419): view('registro/emplea...', Array)
#5 C:\xampp\htdocs\toursinu\system\CodeIgniter.php(825): App\Controllers\Trabajador->inspeccionarA('11')
#6 C:\xampp\htdocs\toursinu\system\CodeIgniter.php(412): CodeIgniter\CodeIgniter->runController(Object(App\Controllers\Trabajador))
#7 C:\xampp\htdocs\toursinu\system\CodeIgniter.php(320): CodeIgniter\CodeIgniter->handleRequest(NULL, Object(Config\Cache), false)
#8 C:\xampp\htdocs\toursinu\public\index.php(37): CodeIgniter\CodeIgniter->run()
#9 {main}
ERROR - 2022-02-24 11:53:36 --> Cannot add or update a child row: a foreign key constraint fails (`toursinu`.`reservas`, CONSTRAINT `reservas_ibfk_1` FOREIGN KEY (`idTurista`) REFERENCES `turista` (`idTurista`) ON UPDATE CASCADE)
